<?xml version="1.0" encoding="UTF-8"?>
<testng-results skipped="0" failed="0" ignored="0" total="1" passed="1">
  <reporter-output>
  </reporter-output>
  <suite name="Default suite" duration-ms="9904" started-at="2020-01-14T10:25:21Z" finished-at="2020-01-14T10:25:31Z">
    <groups>
    </groups>
    <test name="Default test" duration-ms="9904" started-at="2020-01-14T10:25:21Z" finished-at="2020-01-14T10:25:31Z">
      <class name="seleniumGridDemo">
        <test-method status="PASS" signature="verifylogin()[pri:0, instance:seleniumGridDemo@548b7f67]" name="verifylogin" duration-ms="9869" started-at="2020-01-14T10:25:21Z" finished-at="2020-01-14T10:25:31Z">
          <reporter-output>
          </reporter-output>
        </test-method> <!-- verifylogin -->
      </class> <!-- seleniumGridDemo -->
    </test> <!-- Default test -->
  </suite> <!-- Default suite -->
</testng-results>
